nov. 17, 2023 7:49:38 P. M. co.edu.uniquindio.ingesis.model.AgenciaServidor validateLogInDataAdmin
INFORMACIÓN: El admin con el id admin ha hecho un inicio de sesión.
nov. 17, 2023 7:52:45 P. M. co.edu.uniquindio.ingesis.model.AgenciaServidor validateLogInDataAdmin
INFORMACIÓN: El admin con el id admin ha hecho un inicio de sesión.
nov. 17, 2023 7:53:23 P. M. co.edu.uniquindio.ingesis.model.AgenciaServidor agregarDestino
INFORMACIÓN: Se ha intentado agregar un destino con campos vacios.
nov. 17, 2023 7:54:32 P. M. co.edu.uniquindio.ingesis.model.AgenciaServidor validateLogInDataAdmin
INFORMACIÓN: El admin con el id admin ha hecho un inicio de sesión.
nov. 17, 2023 7:55:12 P. M. co.edu.uniquindio.ingesis.model.AgenciaServidor validateLogInDataAdmin
INFORMACIÓN: El admin con el id admin ha hecho un inicio de sesión.
nov. 17, 2023 7:58:57 P. M. co.edu.uniquindio.ingesis.model.AgenciaServidor validateLogInDataAdmin
INFORMACIÓN: El admin con el id admin ha hecho un inicio de sesión.
nov. 17, 2023 8:17:18 P. M. co.edu.uniquindio.ingesis.model.AgenciaServidor validateLogInDataAdmin
INFORMACIÓN: El admin con el id admin ha hecho un inicio de sesión.
nov. 17, 2023 8:20:38 P. M. co.edu.uniquindio.ingesis.model.AgenciaServidor validateLogInDataAdmin
INFORMACIÓN: El admin con el id admin ha hecho un inicio de sesión.
nov. 17, 2023 8:22:57 P. M. co.edu.uniquindio.ingesis.model.AgenciaServidor validateLogInDataAdmin
INFORMACIÓN: El admin con el id admin ha hecho un inicio de sesión.
nov. 17, 2023 8:26:17 P. M. co.edu.uniquindio.ingesis.model.AgenciaServidor logIn
INFORMACIÓN: se ha intentado registrar un cliente con campos obligatorios vacios
nov. 17, 2023 8:27:03 P. M. co.edu.uniquindio.ingesis.model.AgenciaServidor logIn
INFORMACIÓN: se ha intentado registrar un cliente con campos obligatorios vacios
nov. 17, 2023 8:27:06 P. M. co.edu.uniquindio.ingesis.model.AgenciaServidor validateLogInDataAdmin
INFORMACIÓN: El admin con el id admin ha hecho un inicio de sesión.
nov. 17, 2023 8:28:40 P. M. co.edu.uniquindio.ingesis.model.AgenciaServidor agregarImagenDestino
GRAVE: Se ha intentado agregar una imagen invalida a un destino.
nov. 17, 2023 8:30:02 P. M. co.edu.uniquindio.ingesis.model.AgenciaServidor agregarPaquete
INFORMACIÓN: Las fechas fueron incorrectamente colocadas, la fecha de inicio no puede ser después de la fecha de fin.
nov. 17, 2023 8:30:38 P. M. co.edu.uniquindio.ingesis.model.AgenciaServidor agregarPaquete
INFORMACIÓN: Las fechas fueron incorrectamente colocadas.
nov. 17, 2023 8:33:58 P. M. co.edu.uniquindio.ingesis.model.AgenciaServidor validateLogInDataAdmin
INFORMACIÓN: El admin con el id admin ha hecho un inicio de sesión.
nov. 17, 2023 8:35:28 P. M. co.edu.uniquindio.ingesis.model.AgenciaServidor validateLogInDataAdmin
INFORMACIÓN: El admin con el id admin ha hecho un inicio de sesión.
nov. 17, 2023 8:51:34 P. M. co.edu.uniquindio.ingesis.model.AgenciaServidor logIn
INFORMACIÓN: se ha intentado registrar un cliente con campos obligatorios vacios
nov. 17, 2023 8:58:52 P. M. co.edu.uniquindio.ingesis.model.AgenciaServidor validateLogInDataAdmin
INFORMACIÓN: El admin con el id admin ha hecho un inicio de sesión.
nov. 17, 2023 9:07:23 P. M. co.edu.uniquindio.ingesis.model.AgenciaServidor validateLogInDataAdmin
INFORMACIÓN: El admin con el id admin ha hecho un inicio de sesión.
nov. 17, 2023 9:09:07 P. M. co.edu.uniquindio.ingesis.model.AgenciaServidor validateLogInDataAdmin
INFORMACIÓN: El admin con el id admin ha hecho un inicio de sesión.
nov. 17, 2023 9:15:37 P. M. co.edu.uniquindio.ingesis.model.AgenciaServidor validateLogInDataAdmin
INFORMACIÓN: El admin con el id admin ha hecho un inicio de sesión.
nov. 17, 2023 9:16:12 P. M. co.edu.uniquindio.ingesis.model.AgenciaServidor validateLogInDataAdmin
INFORMACIÓN: El admin con el id admin ha hecho un inicio de sesión.
nov. 17, 2023 9:20:18 P. M. co.edu.uniquindio.ingesis.model.AgenciaServidor validateLogInDataAdmin
INFORMACIÓN: El admin con el id admin ha hecho un inicio de sesión.
nov. 17, 2023 9:20:27 P. M. co.edu.uniquindio.ingesis.model.AgenciaServidor agregarDestino
INFORMACIÓN: Se ha creado un nuevo destino.
nov. 17, 2023 9:21:02 P. M. co.edu.uniquindio.ingesis.model.AgenciaServidor validateLogInDataAdmin
INFORMACIÓN: El admin con el id admin ha hecho un inicio de sesión.
nov. 17, 2023 9:21:56 P. M. co.edu.uniquindio.ingesis.model.AgenciaServidor validateLogInDataAdmin
INFORMACIÓN: El admin con el id admin ha hecho un inicio de sesión.
nov. 17, 2023 9:22:10 P. M. co.edu.uniquindio.ingesis.model.AgenciaServidor agregarPaquete
INFORMACIÓN: Se ha creado un nuevo paquete.
nov. 17, 2023 9:23:37 P. M. co.edu.uniquindio.ingesis.model.AgenciaServidor validateLogInDataAdmin
INFORMACIÓN: El admin con el id admin ha hecho un inicio de sesión.
nov. 17, 2023 9:23:41 P. M. co.edu.uniquindio.ingesis.model.AgenciaServidor agregarImagenDestino
GRAVE: Se ha intentado agregar una imagen invalida a un destino.
nov. 17, 2023 9:25:55 P. M. co.edu.uniquindio.ingesis.model.AgenciaServidor validateLogInDataAdmin
INFORMACIÓN: El admin con el id admin ha hecho un inicio de sesión.
nov. 17, 2023 9:25:59 P. M. co.edu.uniquindio.ingesis.model.AgenciaServidor agregarImagenDestino
GRAVE: Se ha intentado agregar una imagen invalida a un destino.
nov. 17, 2023 9:26:42 P. M. co.edu.uniquindio.ingesis.model.AgenciaServidor validateLogInDataAdmin
INFORMACIÓN: El admin con el id admin ha hecho un inicio de sesión.
nov. 17, 2023 9:27:11 P. M. co.edu.uniquindio.ingesis.model.AgenciaServidor validateLogInDataAdmin
INFORMACIÓN: El admin con el id admin ha hecho un inicio de sesión.
nov. 17, 2023 9:27:14 P. M. co.edu.uniquindio.ingesis.model.AgenciaServidor agregarDestino
INFORMACIÓN: Se ha creado un nuevo destino.
nov. 17, 2023 9:57:29 P. M. co.edu.uniquindio.ingesis.model.AgenciaServidor validateLogInDataAdmin
INFORMACIÓN: El admin con el id admin ha hecho un inicio de sesión.
nov. 17, 2023 10:01:20 P. M. co.edu.uniquindio.ingesis.model.AgenciaServidor validateLogInDataAdmin
INFORMACIÓN: El admin con el id admin ha hecho un inicio de sesión.
nov. 17, 2023 10:02:50 P. M. co.edu.uniquindio.ingesis.model.AgenciaServidor validateLogInDataAdmin
INFORMACIÓN: El admin con el id admin ha hecho un inicio de sesión.
nov. 17, 2023 10:03:16 P. M. co.edu.uniquindio.ingesis.model.AgenciaServidor validateLogInDataAdmin
INFORMACIÓN: El admin con el id admin ha hecho un inicio de sesión.
nov. 17, 2023 10:03:37 P. M. co.edu.uniquindio.ingesis.model.AgenciaServidor agregarGuia
INFORMACIÓN: Se ha registrado un nuevo guia.
nov. 17, 2023 10:04:06 P. M. co.edu.uniquindio.ingesis.model.AgenciaServidor validateLogInDataAdmin
INFORMACIÓN: El admin con el id admin ha hecho un inicio de sesión.
nov. 17, 2023 10:04:34 P. M. co.edu.uniquindio.ingesis.model.AgenciaServidor agregarDestino
INFORMACIÓN: Se ha creado un nuevo destino.
nov. 17, 2023 10:13:13 P. M. co.edu.uniquindio.ingesis.model.AgenciaServidor validateLogInDataAdmin
INFORMACIÓN: El admin con el id admin ha hecho un inicio de sesión.
nov. 17, 2023 10:13:37 P. M. co.edu.uniquindio.ingesis.model.AgenciaServidor validateLogInDataAdmin
INFORMACIÓN: Se ha intentado un inicio de sesión con contraseña incorrecta.
nov. 17, 2023 10:13:42 P. M. co.edu.uniquindio.ingesis.model.AgenciaServidor validateLogInDataAdmin
INFORMACIÓN: El admin con el id admin ha hecho un inicio de sesión.
nov. 17, 2023 10:13:49 P. M. co.edu.uniquindio.ingesis.model.AgenciaServidor agregarDestino
INFORMACIÓN: Se ha creado un nuevo destino.
nov. 17, 2023 10:14:08 P. M. co.edu.uniquindio.ingesis.model.AgenciaServidor validateLogInDataAdmin
INFORMACIÓN: El admin con el id admin ha hecho un inicio de sesión.
nov. 17, 2023 10:15:41 P. M. co.edu.uniquindio.ingesis.model.AgenciaServidor validateLogInDataAdmin
INFORMACIÓN: El admin con el id admin ha hecho un inicio de sesión.
nov. 17, 2023 10:16:01 P. M. co.edu.uniquindio.ingesis.model.AgenciaServidor validateLogInDataAdmin
INFORMACIÓN: El admin con el id admin ha hecho un inicio de sesión.
nov. 17, 2023 10:16:40 P. M. co.edu.uniquindio.ingesis.model.AgenciaServidor validateLogInDataAdmin
INFORMACIÓN: El admin con el id admin ha hecho un inicio de sesión.
nov. 17, 2023 10:16:58 P. M. co.edu.uniquindio.ingesis.model.AgenciaServidor validateLogInDataAdmin
INFORMACIÓN: El admin con el id admin ha hecho un inicio de sesión.
nov. 17, 2023 10:29:38 P. M. co.edu.uniquindio.ingesis.model.AgenciaServidor validateLogInDataAdmin
INFORMACIÓN: El admin con el id admin ha hecho un inicio de sesión.
nov. 17, 2023 10:30:13 P. M. co.edu.uniquindio.ingesis.model.AgenciaServidor agregarPaquete
INFORMACIÓN: Se ha creado un nuevo paquete.
nov. 17, 2023 10:30:34 P. M. co.edu.uniquindio.ingesis.model.AgenciaServidor validateLogInDataAdmin
INFORMACIÓN: El admin con el id admin ha hecho un inicio de sesión.
nov. 17, 2023 10:31:01 P. M. co.edu.uniquindio.ingesis.model.AgenciaServidor validateLogInDataAdmin
INFORMACIÓN: El admin con el id admin ha hecho un inicio de sesión.
nov. 17, 2023 10:35:34 P. M. co.edu.uniquindio.ingesis.model.AgenciaServidor validateLogInDataAdmin
INFORMACIÓN: El admin con el id admin ha hecho un inicio de sesión.
nov. 17, 2023 10:36:08 P. M. co.edu.uniquindio.ingesis.model.AgenciaServidor validateLogInDataAdmin
INFORMACIÓN: El admin con el id admin ha hecho un inicio de sesión.
nov. 17, 2023 10:37:17 P. M. co.edu.uniquindio.ingesis.model.AgenciaServidor validateLogInDataAdmin
INFORMACIÓN: El admin con el id admin ha hecho un inicio de sesión.
nov. 17, 2023 10:42:18 P. M. co.edu.uniquindio.ingesis.model.AgenciaServidor validateLogInDataAdmin
INFORMACIÓN: El admin con el id admin ha hecho un inicio de sesión.
nov. 17, 2023 10:43:52 P. M. co.edu.uniquindio.ingesis.model.AgenciaServidor validateLogInDataAdmin
INFORMACIÓN: El admin con el id admin ha hecho un inicio de sesión.
nov. 17, 2023 10:45:13 P. M. co.edu.uniquindio.ingesis.model.AgenciaServidor validateLogInDataAdmin
INFORMACIÓN: El admin con el id admin ha hecho un inicio de sesión.
nov. 17, 2023 10:46:42 P. M. co.edu.uniquindio.ingesis.model.AgenciaServidor validateLogInDataAdmin
INFORMACIÓN: El admin con el id admin ha hecho un inicio de sesión.
nov. 17, 2023 10:47:20 P. M. co.edu.uniquindio.ingesis.model.AgenciaServidor validateLogInDataAdmin
INFORMACIÓN: El admin con el id admin ha hecho un inicio de sesión.
nov. 17, 2023 10:47:39 P. M. co.edu.uniquindio.ingesis.model.AgenciaServidor validateLogInDataAdmin
INFORMACIÓN: El admin con el id admin ha hecho un inicio de sesión.
nov. 17, 2023 10:49:27 P. M. co.edu.uniquindio.ingesis.model.AgenciaServidor validateLogInDataAdmin
INFORMACIÓN: El admin con el id admin ha hecho un inicio de sesión.
nov. 17, 2023 10:49:55 P. M. co.edu.uniquindio.ingesis.model.AgenciaServidor agregarGuia
INFORMACIÓN: Se ha registrado un nuevo guia.
nov. 17, 2023 10:50:20 P. M. co.edu.uniquindio.ingesis.model.AgenciaServidor validateLogInDataAdmin
INFORMACIÓN: El admin con el id admin ha hecho un inicio de sesión.
nov. 17, 2023 10:52:07 P. M. co.edu.uniquindio.ingesis.model.AgenciaServidor validateLogInDataAdmin
INFORMACIÓN: El admin con el id admin ha hecho un inicio de sesión.
nov. 18, 2023 8:33:42 A. M. co.edu.uniquindio.ingesis.model.AgenciaServidor validateLogInDataAdmin
INFORMACIÓN: Se ha intentado un inicio de sesión con contraseña incorrecta.
nov. 18, 2023 8:46:44 A. M. co.edu.uniquindio.ingesis.model.AgenciaServidor validateLogInDataAdmin
INFORMACIÓN: Se ha intentado un inicio de sesión con contraseña incorrecta.
nov. 18, 2023 8:49:03 A. M. co.edu.uniquindio.ingesis.model.AgenciaServidor validateLogInDataAdmin
INFORMACIÓN: Se ha intentado un inicio de sesión con contraseña incorrecta.
nov. 18, 2023 8:49:47 A. M. co.edu.uniquindio.ingesis.model.AgenciaServidor validateLogInDataAdmin
INFORMACIÓN: Se ha intentado un inicio de sesión con contraseña incorrecta.
nov. 18, 2023 8:59:03 A. M. co.edu.uniquindio.ingesis.model.AgenciaServidor validateLogInDataAdmin
INFORMACIÓN: Se ha intentado un inicio de sesión con contraseña incorrecta.
nov. 18, 2023 9:03:36 A. M. co.edu.uniquindio.ingesis.model.AgenciaServidor validateLogInDataAdmin
INFORMACIÓN: Se ha intentado un inicio de sesión con contraseña incorrecta.
nov. 18, 2023 9:07:47 A. M. co.edu.uniquindio.ingesis.model.AgenciaServidor validateLogInDataAdmin
INFORMACIÓN: Se ha intentado un inicio de sesión con contraseña incorrecta.
nov. 18, 2023 9:12:47 A. M. co.edu.uniquindio.ingesis.model.AgenciaServidor registrarCliente
INFORMACIÓN: se ha registrado un cliente con el user ID c1
nov. 18, 2023 9:12:56 A. M. co.edu.uniquindio.ingesis.model.AgenciaServidor validateLogInDataUser
INFORMACIÓN: El cliente con el id c1 ha hecho un inicio de sesión.
nov. 18, 2023 9:13:14 A. M. co.edu.uniquindio.ingesis.model.AgenciaServidor validateLogInDataUser
INFORMACIÓN: El cliente con el id c1 ha hecho un inicio de sesión.
nov. 18, 2023 9:15:40 A. M. co.edu.uniquindio.ingesis.model.AgenciaServidor validateLogInDataUser
INFORMACIÓN: El cliente con el id c1 ha hecho un inicio de sesión.
nov. 18, 2023 9:17:20 A. M. co.edu.uniquindio.ingesis.model.AgenciaServidor validateLogInDataUser
INFORMACIÓN: El cliente con el id c1 ha hecho un inicio de sesión.
nov. 18, 2023 9:18:22 A. M. co.edu.uniquindio.ingesis.model.AgenciaServidor validateLogInDataUser
INFORMACIÓN: El cliente con el id c1 ha hecho un inicio de sesión.
nov. 18, 2023 9:20:04 A. M. co.edu.uniquindio.ingesis.model.AgenciaServidor validateLogInDataUser
INFORMACIÓN: El cliente con el id c1 ha hecho un inicio de sesión.
